<?xml version="1.0" encoding="UTF-8"?>
<!-- Generated by org.testng.reporters.JUnitReportReporter -->
<testsuite hostname="LAPTOP-B8011UK4" failures="0" tests="3" name="com.vtiger.crm.contacttest.CreateContactTest" time="78.843" errors="0" timestamp="2024-06-17T14:49:43 IST" skipped="0">
  <testcase classname="com.vtiger.crm.contacttest.CreateContactTest" name="createContactWithLastName" time="20.797"/>
  <testcase classname="com.vtiger.crm.contacttest.CreateContactTest" name="createConWithSupportDate" time="22.052"/>
  <testcase classname="com.vtiger.crm.contacttest.CreateContactTest" name="createConWithOrgTest" time="35.994"/>
</testsuite> <!-- com.vtiger.crm.contacttest.CreateContactTest -->
